This file contains any messages produced by compilers while
running configure, to aid debugging if configure makes a mistake.

It was created by mentohust configure 0.3.1, which was
generated by GNU Autoconf 2.69.  Invocation command line was

  $ ./configure 

## --------- ##
## Platform. ##
## --------- ##

hostname = odroid
uname -m = armv7l
uname -r = 3.10.103-124
uname -s = Linux
uname -v = #1 SMP PREEMPT Tue Oct 11 11:51:06 UTC 2016

/usr/bin/uname -p = unknown
/bin/uname -X     = unknown

/bin/arch              = unknown
/usr/bin/arch -k       = unknown
/usr/convex/getsysinfo = unknown
/usr/bin/hostinfo      = unknown
/bin/machine           = unknown
/usr/bin/oslevel       = unknown
/bin/universe          = unknown

PATH: /usr/local/sbin
PATH: /usr/local/bin
PATH: /usr/sbin
PATH: /usr/bin
PATH: /sbin
PATH: /bin
PATH: /usr/games
PATH: /usr/local/games
PATH: /snap/bin


## ----------- ##
## Core tests. ##
## ----------- ##

configure:2303: checking build system type
configure:2317: result: armv7l-unknown-linux-gnueabihf
configure:2337: checking host system type
configure:2350: result: armv7l-unknown-linux-gnueabihf
configure:2386: checking for a BSD-compatible install
configure:2454: result: /usr/bin/install -c
configure:2465: checking whether build environment is sane
configure:2520: result: yes
configure:2671: checking for a thread-safe mkdir -p
configure:2710: result: /bin/mkdir -p
configure:2717: checking for gawk
configure:2733: found /usr/bin/gawk
configure:2744: result: gawk
configure:2755: checking whether make sets $(MAKE)
configure:2777: result: yes
configure:2806: checking whether make supports nested variables
configure:2823: result: yes
configure:2964: checking whether make supports nested variables
configure:2981: result: yes
configure:3053: checking for gcc
configure:3069: found /usr/bin/gcc
configure:3080: result: gcc
configure:3309: checking for C compiler version
configure:3318: gcc --version >&5
gcc (Ubuntu/Linaro 5.4.0-6ubuntu1~16.04.2) 5.4.0 20160609
Copyright (C) 2015 Free Software Foundation, Inc.
This is free software; see the source for copying conditions.  There is NO
warranty; not even for MERCHANTABILITY or FITNESS FOR A PARTICULAR PURPOSE.

configure:3329: $? = 0
configure:3318: gcc -v >&5
Using built-in specs.
COLLECT_GCC=gcc
COLLECT_LTO_WRAPPER=/usr/lib/gcc/arm-linux-gnueabihf/5/lto-wrapper
Target: arm-linux-gnueabihf
Configured with: ../src/configure -v --with-pkgversion='Ubuntu/Linaro 5.4.0-6ubuntu1~16.04.2' --with-bugurl=file:///usr/share/doc/gcc-5/README.Bugs --enable-languages=c,ada,c++,java,go,d,fortran,objc,obj-c++ --prefix=/usr --program-suffix=-5 --enable-shared --enable-linker-build-id --libexecdir=/usr/lib --without-included-gettext --enable-threads=posix --libdir=/usr/lib --enable-nls --with-sysroot=/ --enable-clocale=gnu --enable-libstdcxx-debug --enable-libstdcxx-time=yes --with-default-libstdcxx-abi=new --enable-gnu-unique-object --disable-libitm --disable-libquadmath --enable-plugin --with-system-zlib --disable-browser-plugin --enable-java-awt=gtk --enable-gtk-cairo --with-java-home=/usr/lib/jvm/java-1.5.0-gcj-5-armhf/jre --enable-java-home --with-jvm-root-dir=/usr/lib/jvm/java-1.5.0-gcj-5-armhf --with-jvm-jar-dir=/usr/lib/jvm-exports/java-1.5.0-gcj-5-armhf --with-arch-directory=arm --with-ecj-jar=/usr/share/java/eclipse-ecj.jar --enable-objc-gc --enable-multiarch --enable-multilib --disable-sjlj-exceptions --with-arch=armv7-a --with-fpu=vfpv3-d16 --with-float=hard --with-mode=thumb --disable-werror --enable-multilib --enable-checking=release --build=arm-linux-gnueabihf --host=arm-linux-gnueabihf --target=arm-linux-gnueabihf
Thread model: posix
gcc version 5.4.0 20160609 (Ubuntu/Linaro 5.4.0-6ubuntu1~16.04.2) 
configure:3329: $? = 0
configure:3318: gcc -V >&5
gcc: error: unrecognized command line option '-V'
gcc: fatal error: no input files
compilation terminated.
configure:3329: $? = 1
configure:3318: gcc -qversion >&5
gcc: error: unrecognized command line option '-qversion'
gcc: fatal error: no input files
compilation terminated.
configure:3329: $? = 1
configure:3349: checking whether the C compiler works
configure:3371: gcc  -Os -Wall   conftest.c  >&5
configure:3375: $? = 0
configure:3423: result: yes
configure:3426: checking for C compiler default output file name
configure:3428: result: a.out
configure:3434: checking for suffix of executables
configure:3441: gcc -o conftest  -Os -Wall   conftest.c  >&5
configure:3445: $? = 0
configure:3467: result: 
configure:3489: checking whether we are cross compiling
configure:3497: gcc -o conftest  -Os -Wall   conftest.c  >&5
configure:3501: $? = 0
configure:3508: ./conftest
configure:3512: $? = 0
configure:3527: result: no
configure:3532: checking for suffix of object files
configure:3554: gcc -c  -Os -Wall  conftest.c >&5
configure:3558: $? = 0
configure:3579: result: o
configure:3583: checking whether we are using the GNU C compiler
configure:3602: gcc -c  -Os -Wall  conftest.c >&5
configure:3602: $? = 0
configure:3611: result: yes
configure:3620: checking whether gcc accepts -g
configure:3640: gcc -c -g  conftest.c >&5
configure:3640: $? = 0
configure:3681: result: yes
configure:3698: checking for gcc option to accept ISO C89
configure:3761: gcc  -c  -Os -Wall  conftest.c >&5
configure:3761: $? = 0
configure:3774: result: none needed
configure:3799: checking whether gcc understands -c and -o together
configure:3821: gcc -c conftest.c -o conftest2.o
configure:3824: $? = 0
configure:3821: gcc -c conftest.c -o conftest2.o
configure:3824: $? = 0
configure:3836: result: yes
configure:3864: checking for style of include used by make
configure:3892: result: GNU
configure:3918: checking dependency style of gcc
configure:4029: result: gcc3
configure:4050: checking how to run the C preprocessor
configure:4081: gcc -E  conftest.c
configure:4081: $? = 0
configure:4095: gcc -E  conftest.c
conftest.c:11:28: fatal error: ac_nonexistent.h: No such file or directory
compilation terminated.
configure:4095: $? = 1
configure: failed program was:
| /* confdefs.h */
| #define PACKAGE_NAME "mentohust"
| #define PACKAGE_TARNAME "mentohust"
| #define PACKAGE_VERSION "0.3.1"
| #define PACKAGE_STRING "mentohust 0.3.1"
| #define PACKAGE_BUGREPORT "http://code.google.com/p/mentohust/issues/list"
| #define PACKAGE_URL ""
| #define PACKAGE "mentohust"
| #define VERSION "0.3.1"
| /* end confdefs.h.  */
| #include <ac_nonexistent.h>
configure:4120: result: gcc -E
configure:4140: gcc -E  conftest.c
configure:4140: $? = 0
configure:4154: gcc -E  conftest.c
conftest.c:11:28: fatal error: ac_nonexistent.h: No such file or directory
compilation terminated.
configure:4154: $? = 1
configure: failed program was:
| /* confdefs.h */
| #define PACKAGE_NAME "mentohust"
| #define PACKAGE_TARNAME "mentohust"
| #define PACKAGE_VERSION "0.3.1"
| #define PACKAGE_STRING "mentohust 0.3.1"
| #define PACKAGE_BUGREPORT "http://code.google.com/p/mentohust/issues/list"
| #define PACKAGE_URL ""
| #define PACKAGE "mentohust"
| #define VERSION "0.3.1"
| /* end confdefs.h.  */
| #include <ac_nonexistent.h>
configure:4183: checking for grep that handles long lines and -e
configure:4241: result: /bin/grep
configure:4246: checking for egrep
configure:4308: result: /bin/grep -E
configure:4313: checking for ANSI C header files
configure:4333: gcc -c  -Os -Wall  conftest.c >&5
configure:4333: $? = 0
configure:4406: gcc -o conftest  -Os -Wall   conftest.c  >&5
configure:4406: $? = 0
configure:4406: ./conftest
configure:4406: $? = 0
configure:4417: result: yes
configure:4430: checking for sys/types.h
configure:4430: gcc -c  -Os -Wall  conftest.c >&5
configure:4430: $? = 0
configure:4430: result: yes
configure:4430: checking for sys/stat.h
configure:4430: gcc -c  -Os -Wall  conftest.c >&5
configure:4430: $? = 0
configure:4430: result: yes
configure:4430: checking for stdlib.h
configure:4430: gcc -c  -Os -Wall  conftest.c >&5
configure:4430: $? = 0
configure:4430: result: yes
configure:4430: checking for string.h
configure:4430: gcc -c  -Os -Wall  conftest.c >&5
configure:4430: $? = 0
configure:4430: result: yes
configure:4430: checking for memory.h
configure:4430: gcc -c  -Os -Wall  conftest.c >&5
configure:4430: $? = 0
configure:4430: result: yes
configure:4430: checking for strings.h
configure:4430: gcc -c  -Os -Wall  conftest.c >&5
configure:4430: $? = 0
configure:4430: result: yes
configure:4430: checking for inttypes.h
configure:4430: gcc -c  -Os -Wall  conftest.c >&5
configure:4430: $? = 0
configure:4430: result: yes
configure:4430: checking for stdint.h
configure:4430: gcc -c  -Os -Wall  conftest.c >&5
configure:4430: $? = 0
configure:4430: result: yes
configure:4430: checking for unistd.h
configure:4430: gcc -c  -Os -Wall  conftest.c >&5
configure:4430: $? = 0
configure:4430: result: yes
configure:4442: checking whether byte ordering is bigendian
configure:4457: gcc -c  -Os -Wall  conftest.c >&5
conftest.c:22:9: error: unknown type name 'not'
         not a universal capable compiler
         ^
conftest.c:22:15: error: expected '=', ',', ';', 'asm' or '__attribute__' before 'universal'
         not a universal capable compiler
               ^
conftest.c:22:15: error: unknown type name 'universal'
configure:4457: $? = 1
configure: failed program was:
| /* confdefs.h */
| #define PACKAGE_NAME "mentohust"
| #define PACKAGE_TARNAME "mentohust"
| #define PACKAGE_VERSION "0.3.1"
| #define PACKAGE_STRING "mentohust 0.3.1"
| #define PACKAGE_BUGREPORT "http://code.google.com/p/mentohust/issues/list"
| #define PACKAGE_URL ""
| #define PACKAGE "mentohust"
| #define VERSION "0.3.1"
| #define STDC_HEADERS 1
| #define HAVE_SYS_TYPES_H 1
| #define HAVE_SYS_STAT_H 1
| #define HAVE_STDLIB_H 1
| #define HAVE_STRING_H 1
| #define HAVE_MEMORY_H 1
| #define HAVE_STRINGS_H 1
| #define HAVE_INTTYPES_H 1
| #define HAVE_STDINT_H 1
| #define HAVE_UNISTD_H 1
| /* end confdefs.h.  */
| #ifndef __APPLE_CC__
| 	       not a universal capable compiler
| 	     #endif
| 	     typedef int dummy;
| 
configure:4502: gcc -c  -Os -Wall  conftest.c >&5
configure:4502: $? = 0
configure:4520: gcc -c  -Os -Wall  conftest.c >&5
conftest.c: In function 'main':
conftest.c:28:4: error: unknown type name 'not'
    not big endian
    ^
conftest.c:28:12: error: expected '=', ',', ';', 'asm' or '__attribute__' before 'endian'
    not big endian
            ^
configure:4520: $? = 1
configure: failed program was:
| /* confdefs.h */
| #define PACKAGE_NAME "mentohust"
| #define PACKAGE_TARNAME "mentohust"
| #define PACKAGE_VERSION "0.3.1"
| #define PACKAGE_STRING "mentohust 0.3.1"
| #define PACKAGE_BUGREPORT "http://code.google.com/p/mentohust/issues/list"
| #define PACKAGE_URL ""
| #define PACKAGE "mentohust"
| #define VERSION "0.3.1"
| #define STDC_HEADERS 1
| #define HAVE_SYS_TYPES_H 1
| #define HAVE_SYS_STAT_H 1
| #define HAVE_STDLIB_H 1
| #define HAVE_STRING_H 1
| #define HAVE_MEMORY_H 1
| #define HAVE_STRINGS_H 1
| #define HAVE_INTTYPES_H 1
| #define HAVE_STDINT_H 1
| #define HAVE_UNISTD_H 1
| /* end confdefs.h.  */
| #include <sys/types.h>
| 		#include <sys/param.h>
| 
| int
| main ()
| {
| #if BYTE_ORDER != BIG_ENDIAN
| 		 not big endian
| 		#endif
| 
|   ;
|   return 0;
| }
configure:4648: result: no
configure:4760: checking for dlsym in -ldl
configure:4785: gcc -o conftest  -Os -Wall   conftest.c -ldl   >&5
configure:4785: $? = 0
configure:4794: result: yes
configure:4877: checking for dlsym in -ldl
configure:4911: result: yes
configure:4935: checking for a sed that does not truncate output
configure:4999: result: /bin/sed
configure:5005: checking whether NLS is requested
configure:5014: result: yes
configure:5054: checking for msgfmt
configure: trying /usr/bin/msgfmt...
0 translated messages.
configure:5086: result: /usr/bin/msgfmt
configure:5095: checking for gmsgfmt
configure:5126: result: /usr/bin/msgfmt
configure:5176: checking for xgettext
configure: trying /usr/bin/xgettext...
/usr/bin/xgettext: warning: file '/dev/null' extension '' is unknown; will try C
configure:5208: result: /usr/bin/xgettext
configure:5253: checking for msgmerge
configure: trying /usr/bin/msgmerge...
configure:5284: result: /usr/bin/msgmerge
configure:5342: checking for ld used by gcc
configure:5409: result: /usr/bin/ld
configure:5416: checking if the linker (/usr/bin/ld) is GNU ld
configure:5431: result: yes
configure:5438: checking for shared library run path origin
configure:5451: result: done
configure:6023: checking for CFPreferencesCopyAppValue
configure:6041: gcc -o conftest  -Os -Wall   conftest.c -ldl -ldl  -Wl,-framework -Wl,CoreFoundation >&5
conftest.c:24:42: fatal error: CoreFoundation/CFPreferences.h: No such file or directory
compilation terminated.
configure:6041: $? = 1
configure: failed program was:
| /* confdefs.h */
| #define PACKAGE_NAME "mentohust"
| #define PACKAGE_TARNAME "mentohust"
| #define PACKAGE_VERSION "0.3.1"
| #define PACKAGE_STRING "mentohust 0.3.1"
| #define PACKAGE_BUGREPORT "http://code.google.com/p/mentohust/issues/list"
| #define PACKAGE_URL ""
| #define PACKAGE "mentohust"
| #define VERSION "0.3.1"
| #define STDC_HEADERS 1
| #define HAVE_SYS_TYPES_H 1
| #define HAVE_SYS_STAT_H 1
| #define HAVE_STDLIB_H 1
| #define HAVE_STRING_H 1
| #define HAVE_MEMORY_H 1
| #define HAVE_STRINGS_H 1
| #define HAVE_INTTYPES_H 1
| #define HAVE_STDINT_H 1
| #define HAVE_UNISTD_H 1
| #define HAVE_LIBDL 1
| #define HAVE_LIBDL 1
| #define GETTEXT_PACKAGE "mentohust"
| /* end confdefs.h.  */
| #include <CoreFoundation/CFPreferences.h>
| int
| main ()
| {
| CFPreferencesCopyAppValue(NULL, NULL)
|   ;
|   return 0;
| }
configure:6050: result: no
configure:6057: checking for CFLocaleCopyCurrent
configure:6075: gcc -o conftest  -Os -Wall   conftest.c -ldl -ldl  -Wl,-framework -Wl,CoreFoundation >&5
conftest.c:24:37: fatal error: CoreFoundation/CFLocale.h: No such file or directory
compilation terminated.
configure:6075: $? = 1
configure: failed program was:
| /* confdefs.h */
| #define PACKAGE_NAME "mentohust"
| #define PACKAGE_TARNAME "mentohust"
| #define PACKAGE_VERSION "0.3.1"
| #define PACKAGE_STRING "mentohust 0.3.1"
| #define PACKAGE_BUGREPORT "http://code.google.com/p/mentohust/issues/list"
| #define PACKAGE_URL ""
| #define PACKAGE "mentohust"
| #define VERSION "0.3.1"
| #define STDC_HEADERS 1
| #define HAVE_SYS_TYPES_H 1
| #define HAVE_SYS_STAT_H 1
| #define HAVE_STDLIB_H 1
| #define HAVE_STRING_H 1
| #define HAVE_MEMORY_H 1
| #define HAVE_STRINGS_H 1
| #define HAVE_INTTYPES_H 1
| #define HAVE_STDINT_H 1
| #define HAVE_UNISTD_H 1
| #define HAVE_LIBDL 1
| #define HAVE_LIBDL 1
| #define GETTEXT_PACKAGE "mentohust"
| /* end confdefs.h.  */
| #include <CoreFoundation/CFLocale.h>
| int
| main ()
| {
| CFLocaleCopyCurrent();
|   ;
|   return 0;
| }
configure:6084: result: no
configure:6133: checking for GNU gettext in libc
configure:6157: gcc -o conftest  -Os -Wall   conftest.c -ldl -ldl  >&5
configure:6157: $? = 0
configure:6166: result: yes
configure:7003: checking whether to use NLS
configure:7005: result: yes
configure:7008: checking where the gettext function comes from
configure:7019: result: libc
configure:7082: checking iconv.h usability
configure:7082: gcc -c  -Os -Wall  conftest.c >&5
configure:7082: $? = 0
configure:7082: result: yes
configure:7082: checking iconv.h presence
configure:7082: gcc -E  conftest.c
configure:7082: $? = 0
configure:7082: result: yes
configure:7082: checking for iconv.h
configure:7082: result: yes
configure:7082: checking arpa/inet.h usability
configure:7082: gcc -c  -Os -Wall  conftest.c >&5
configure:7082: $? = 0
configure:7082: result: yes
configure:7082: checking arpa/inet.h presence
configure:7082: gcc -E  conftest.c
configure:7082: $? = 0
configure:7082: result: yes
configure:7082: checking for arpa/inet.h
configure:7082: result: yes
configure:7082: checking fcntl.h usability
configure:7082: gcc -c  -Os -Wall  conftest.c >&5
configure:7082: $? = 0
configure:7082: result: yes
configure:7082: checking fcntl.h presence
configure:7082: gcc -E  conftest.c
configure:7082: $? = 0
configure:7082: result: yes
configure:7082: checking for fcntl.h
configure:7082: result: yes
configure:7082: checking netinet/in.h usability
configure:7082: gcc -c  -Os -Wall  conftest.c >&5
configure:7082: $? = 0
configure:7082: result: yes
configure:7082: checking netinet/in.h presence
configure:7082: gcc -E  conftest.c
configure:7082: $? = 0
configure:7082: result: yes
configure:7082: checking for netinet/in.h
configure:7082: result: yes
configure:7082: checking for stdint.h
configure:7082: result: yes
configure:7082: checking for stdlib.h
configure:7082: result: yes
configure:7082: checking for string.h
configure:7082: result: yes
configure:7082: checking sys/ioctl.h usability
configure:7082: gcc -c  -Os -Wall  conftest.c >&5
configure:7082: $? = 0
configure:7082: result: yes
configure:7082: checking sys/ioctl.h presence
configure:7082: gcc -E  conftest.c
configure:7082: $? = 0
configure:7082: result: yes
configure:7082: checking for sys/ioctl.h
configure:7082: result: yes
configure:7082: checking sys/socket.h usability
configure:7082: gcc -c  -Os -Wall  conftest.c >&5
configure:7082: $? = 0
configure:7082: result: yes
configure:7082: checking sys/socket.h presence
configure:7082: gcc -E  conftest.c
configure:7082: $? = 0
configure:7082: result: yes
configure:7082: checking for sys/socket.h
configure:7082: result: yes
configure:7082: checking sys/time.h usability
configure:7082: gcc -c  -Os -Wall  conftest.c >&5
configure:7082: $? = 0
configure:7082: result: yes
configure:7082: checking sys/time.h presence
configure:7082: gcc -E  conftest.c
configure:7082: $? = 0
configure:7082: result: yes
configure:7082: checking for sys/time.h
configure:7082: result: yes
configure:7082: checking for unistd.h
configure:7082: result: yes
configure:7082: checking libintl.h usability
configure:7082: gcc -c  -Os -Wall  conftest.c >&5
configure:7082: $? = 0
configure:7082: result: yes
configure:7082: checking libintl.h presence
configure:7082: gcc -E  conftest.c
configure:7082: $? = 0
configure:7082: result: yes
configure:7082: checking for libintl.h
configure:7082: result: yes
configure:7082: checking locale.h usability
configure:7082: gcc -c  -Os -Wall  conftest.c >&5
configure:7082: $? = 0
configure:7082: result: yes
configure:7082: checking locale.h presence
configure:7082: gcc -E  conftest.c
configure:7082: $? = 0
configure:7082: result: yes
configure:7082: checking for locale.h
configure:7082: result: yes
configure:7094: checking for size_t
configure:7094: gcc -c  -Os -Wall  conftest.c >&5
configure:7094: $? = 0
configure:7094: gcc -c  -Os -Wall  conftest.c >&5
conftest.c: In function 'main':
conftest.c:76:21: error: expected expression before ')' token
 if (sizeof ((size_t)))
                     ^
configure:7094: $? = 1
configure: failed program was:
| /* confdefs.h */
| #define PACKAGE_NAME "mentohust"
| #define PACKAGE_TARNAME "mentohust"
| #define PACKAGE_VERSION "0.3.1"
| #define PACKAGE_STRING "mentohust 0.3.1"
| #define PACKAGE_BUGREPORT "http://code.google.com/p/mentohust/issues/list"
| #define PACKAGE_URL ""
| #define PACKAGE "mentohust"
| #define VERSION "0.3.1"
| #define STDC_HEADERS 1
| #define HAVE_SYS_TYPES_H 1
| #define HAVE_SYS_STAT_H 1
| #define HAVE_STDLIB_H 1
| #define HAVE_STRING_H 1
| #define HAVE_MEMORY_H 1
| #define HAVE_STRINGS_H 1
| #define HAVE_INTTYPES_H 1
| #define HAVE_STDINT_H 1
| #define HAVE_UNISTD_H 1
| #define HAVE_LIBDL 1
| #define HAVE_LIBDL 1
| #define GETTEXT_PACKAGE "mentohust"
| #define ENABLE_NLS 1
| #define HAVE_GETTEXT 1
| #define HAVE_DCGETTEXT 1
| #define HAVE_ICONV_H 1
| #define HAVE_ARPA_INET_H 1
| #define HAVE_FCNTL_H 1
| #define HAVE_NETINET_IN_H 1
| #define HAVE_STDINT_H 1
| #define HAVE_STDLIB_H 1
| #define HAVE_STRING_H 1
| #define HAVE_SYS_IOCTL_H 1
| #define HAVE_SYS_SOCKET_H 1
| #define HAVE_SYS_TIME_H 1
| #define HAVE_UNISTD_H 1
| #define HAVE_LIBINTL_H 1
| #define HAVE_LOCALE_H 1
| /* end confdefs.h.  */
| #include <stdio.h>
| #ifdef HAVE_SYS_TYPES_H
| # include <sys/types.h>
| #endif
| #ifdef HAVE_SYS_STAT_H
| # include <sys/stat.h>
| #endif
| #ifdef STDC_HEADERS
| # include <stdlib.h>
| # include <stddef.h>
| #else
| # ifdef HAVE_STDLIB_H
| #  include <stdlib.h>
| # endif
| #endif
| #ifdef HAVE_STRING_H
| # if !defined STDC_HEADERS && defined HAVE_MEMORY_H
| #  include <memory.h>
| # endif
| # include <string.h>
| #endif
| #ifdef HAVE_STRINGS_H
| # include <strings.h>
| #endif
| #ifdef HAVE_INTTYPES_H
| # include <inttypes.h>
| #endif
| #ifdef HAVE_STDINT_H
| # include <stdint.h>
| #endif
| #ifdef HAVE_UNISTD_H
| # include <unistd.h>
| #endif
| int
| main ()
| {
| if (sizeof ((size_t)))
| 	    return 0;
|   ;
|   return 0;
| }
configure:7094: result: yes
configure:7110: checking for atexit
configure:7110: gcc -o conftest  -Os -Wall   conftest.c -ldl -ldl  >&5
configure:7110: $? = 0
configure:7110: result: yes
configure:7110: checking for memmove
configure:7110: gcc -o conftest  -Os -Wall   conftest.c -ldl -ldl  >&5
conftest.c:64:6: warning: conflicting types for built-in function 'memmove'
 char memmove ();
      ^
configure:7110: $? = 0
configure:7110: result: yes
configure:7110: checking for memset
configure:7110: gcc -o conftest  -Os -Wall   conftest.c -ldl -ldl  >&5
conftest.c:65:6: warning: conflicting types for built-in function 'memset'
 char memset ();
      ^
configure:7110: $? = 0
configure:7110: result: yes
configure:7110: checking for socket
configure:7110: gcc -o conftest  -Os -Wall   conftest.c -ldl -ldl  >&5
configure:7110: $? = 0
configure:7110: result: yes
configure:7110: checking for strrchr
configure:7110: gcc -o conftest  -Os -Wall   conftest.c -ldl -ldl  >&5
conftest.c:67:6: warning: conflicting types for built-in function 'strrchr'
 char strrchr ();
      ^
configure:7110: $? = 0
configure:7110: result: yes
configure:7110: checking for setlocale
configure:7110: gcc -o conftest  -Os -Wall   conftest.c -ldl -ldl  >&5
configure:7110: $? = 0
configure:7110: result: yes
configure:7123: result: config result: host(linux-gnueabihf) pcap(dyload) notify(yes) encode(yes) arp(yes) nls(yes)
configure:7234: checking that generated files are newer than configure
configure:7240: result: done
configure:7264: creating ./config.status

## ---------------------- ##
## Running config.status. ##
## ---------------------- ##

This file was extended by mentohust config.status 0.3.1, which was
generated by GNU Autoconf 2.69.  Invocation command line was

  CONFIG_FILES    = 
  CONFIG_HEADERS  = 
  CONFIG_LINKS    = 
  CONFIG_COMMANDS = 
  $ ./config.status 

on odroid

config.status:917: creating Makefile
config.status:917: creating src/Makefile
config.status:917: creating po/Makefile.in
config.status:917: creating mentohust.spec
config.status:917: creating config.h
config.status:1098: config.h is unchanged
config.status:1146: executing depfiles commands
config.status:1146: executing po-directories commands

## ---------------- ##
## Cache variables. ##
## ---------------- ##

ac_cv_build=armv7l-unknown-linux-gnueabihf
ac_cv_c_bigendian=no
ac_cv_c_compiler_gnu=yes
ac_cv_env_CC_set=
ac_cv_env_CC_value=
ac_cv_env_CFLAGS_set=
ac_cv_env_CFLAGS_value=
ac_cv_env_CPPFLAGS_set=
ac_cv_env_CPPFLAGS_value=
ac_cv_env_CPP_set=
ac_cv_env_CPP_value=
ac_cv_env_LDFLAGS_set=
ac_cv_env_LDFLAGS_value=
ac_cv_env_LIBS_set=
ac_cv_env_LIBS_value=
ac_cv_env_build_alias_set=
ac_cv_env_build_alias_value=
ac_cv_env_host_alias_set=
ac_cv_env_host_alias_value=
ac_cv_env_target_alias_set=
ac_cv_env_target_alias_value=
ac_cv_func_atexit=yes
ac_cv_func_memmove=yes
ac_cv_func_memset=yes
ac_cv_func_setlocale=yes
ac_cv_func_socket=yes
ac_cv_func_strrchr=yes
ac_cv_header_arpa_inet_h=yes
ac_cv_header_fcntl_h=yes
ac_cv_header_iconv_h=yes
ac_cv_header_inttypes_h=yes
ac_cv_header_libintl_h=yes
ac_cv_header_locale_h=yes
ac_cv_header_memory_h=yes
ac_cv_header_netinet_in_h=yes
ac_cv_header_stdc=yes
ac_cv_header_stdint_h=yes
ac_cv_header_stdlib_h=yes
ac_cv_header_string_h=yes
ac_cv_header_strings_h=yes
ac_cv_header_sys_ioctl_h=yes
ac_cv_header_sys_socket_h=yes
ac_cv_header_sys_stat_h=yes
ac_cv_header_sys_time_h=yes
ac_cv_header_sys_types_h=yes
ac_cv_header_unistd_h=yes
ac_cv_host=armv7l-unknown-linux-gnueabihf
ac_cv_lib_dl_dlsym=yes
ac_cv_objext=o
ac_cv_path_EGREP='/bin/grep -E'
ac_cv_path_GMSGFMT=/usr/bin/msgfmt
ac_cv_path_GREP=/bin/grep
ac_cv_path_MSGFMT=/usr/bin/msgfmt
ac_cv_path_MSGMERGE=/usr/bin/msgmerge
ac_cv_path_SED=/bin/sed
ac_cv_path_XGETTEXT=/usr/bin/xgettext
ac_cv_path_install='/usr/bin/install -c'
ac_cv_path_mkdir=/bin/mkdir
ac_cv_prog_AWK=gawk
ac_cv_prog_CPP='gcc -E'
ac_cv_prog_ac_ct_CC=gcc
ac_cv_prog_cc_c89=
ac_cv_prog_cc_g=yes
ac_cv_prog_make_make_set=yes
ac_cv_type_size_t=yes
acl_cv_hardcode_direct=no
acl_cv_hardcode_libdir_flag_spec='${wl}-rpath ${wl}$libdir'
acl_cv_hardcode_libdir_separator=
acl_cv_hardcode_minus_L=no
acl_cv_libext=a
acl_cv_path_LD=/usr/bin/ld
acl_cv_prog_gnu_ld=yes
acl_cv_rpath=done
acl_cv_shlibext=so
acl_cv_wl=-Wl,
am_cv_CC_dependencies_compiler_type=gcc3
am_cv_make_support_nested_variables=yes
am_cv_prog_cc_c_o=yes
gt_cv_func_CFLocaleCopyCurrent=no
gt_cv_func_CFPreferencesCopyAppValue=no
gt_cv_func_gnugettext1_libc=yes

## ----------------- ##
## Output variables. ##
## ----------------- ##

ACLOCAL='${SHELL} /home/odroid/Github/mentohust/missing aclocal-1.15'
AMDEPBACKSLASH='\'
AMDEP_FALSE='#'
AMDEP_TRUE=''
AMTAR='$${TAR-tar}'
AM_BACKSLASH='\'
AM_DEFAULT_V='$(AM_DEFAULT_VERBOSITY)'
AM_DEFAULT_VERBOSITY='0'
AM_V='$(V)'
AUTOCONF='${SHELL} /home/odroid/Github/mentohust/missing autoconf'
AUTOHEADER='${SHELL} /home/odroid/Github/mentohust/missing autoheader'
AUTOMAKE='${SHELL} /home/odroid/Github/mentohust/missing automake-1.15'
AWK='gawk'
CC='gcc'
CCDEPMODE='depmode=gcc3'
CFLAGS=' -Os -Wall'
CPP='gcc -E'
CPPFLAGS=''
CYGPATH_W='echo'
DEFS='-DHAVE_CONFIG_H'
DEPDIR='.deps'
ECHO_C=''
ECHO_N='-n'
ECHO_T=''
EGREP='/bin/grep -E'
EXEEXT=''
GETTEXT_MACRO_VERSION='0.19'
GETTEXT_PACKAGE='mentohust'
GMSGFMT='/usr/bin/msgfmt'
GMSGFMT_015='/usr/bin/msgfmt'
GREP='/bin/grep'
INSTALL_DATA='${INSTALL} -m 644'
INSTALL_PROGRAM='${INSTALL}'
INSTALL_SCRIPT='${INSTALL}'
INSTALL_STRIP_PROGRAM='$(install_sh) -c -s'
INTLLIBS=''
INTL_MACOSX_LIBS=''
LDADD=''
LDFLAGS=''
LIBICONV='-liconv'
LIBINTL=''
LIBOBJS=''
LIBS='-ldl -ldl '
LTLIBICONV='-liconv'
LTLIBINTL=''
LTLIBOBJS=''
MAKEINFO='${SHELL} /home/odroid/Github/mentohust/missing makeinfo'
MKDIR_P='/bin/mkdir -p'
MSGFMT='/usr/bin/msgfmt'
MSGFMT_015='/usr/bin/msgfmt'
MSGMERGE='/usr/bin/msgmerge'
OBJEXT='o'
PACKAGE='mentohust'
PACKAGE_BUGREPORT='http://code.google.com/p/mentohust/issues/list'
PACKAGE_NAME='mentohust'
PACKAGE_STRING='mentohust 0.3.1'
PACKAGE_TARNAME='mentohust'
PACKAGE_URL=''
PACKAGE_VERSION='0.3.1'
PATH_SEPARATOR=':'
POSUB='po'
SED='/bin/sed'
SET_MAKE=''
SHELL='/bin/bash'
STRIP=''
USE_NLS='yes'
VERSION='0.3.1'
XGETTEXT='/usr/bin/xgettext'
XGETTEXT_015='/usr/bin/xgettext'
XGETTEXT_EXTRA_OPTIONS=''
ac_ct_CC='gcc'
am__EXEEXT_FALSE=''
am__EXEEXT_TRUE='#'
am__fastdepCC_FALSE='#'
am__fastdepCC_TRUE=''
am__include='include'
am__isrc=''
am__leading_dot='.'
am__nodep='_no'
am__quote=''
am__tar='$${TAR-tar} chof - "$$tardir"'
am__untar='$${TAR-tar} xf -'
bindir='${exec_prefix}/bin'
build='armv7l-unknown-linux-gnueabihf'
build_alias=''
build_cpu='armv7l'
build_os='linux-gnueabihf'
build_vendor='unknown'
datadir='${datarootdir}'
datarootdir='${prefix}/share'
docdir='${datarootdir}/doc/${PACKAGE_TARNAME}'
dvidir='${docdir}'
exec_prefix='${prefix}'
host='armv7l-unknown-linux-gnueabihf'
host_alias=''
host_cpu='armv7l'
host_os='linux-gnueabihf'
host_vendor='unknown'
htmldir='${docdir}'
includedir='${prefix}/include'
infodir='${datarootdir}/info'
install_sh='${SHELL} /home/odroid/Github/mentohust/install-sh'
libdir='${exec_prefix}/lib'
libexecdir='${exec_prefix}/libexec'
localedir='${datarootdir}/locale'
localstatedir='${prefix}/var'
mandir='${datarootdir}/man'
mkdir_p='$(MKDIR_P)'
oldincludedir='/usr/include'
pdfdir='${docdir}'
prefix='/usr'
program_transform_name='s,x,x,'
psdir='${docdir}'
runstatedir='${localstatedir}/run'
sbindir='${exec_prefix}/sbin'
sharedstatedir='${prefix}/com'
sysconfdir='${prefix}/etc'
target_alias=''

## ----------- ##
## confdefs.h. ##
## ----------- ##

/* confdefs.h */
#define PACKAGE_NAME "mentohust"
#define PACKAGE_TARNAME "mentohust"
#define PACKAGE_VERSION "0.3.1"
#define PACKAGE_STRING "mentohust 0.3.1"
#define PACKAGE_BUGREPORT "http://code.google.com/p/mentohust/issues/list"
#define PACKAGE_URL ""
#define PACKAGE "mentohust"
#define VERSION "0.3.1"
#define STDC_HEADERS 1
#define HAVE_SYS_TYPES_H 1
#define HAVE_SYS_STAT_H 1
#define HAVE_STDLIB_H 1
#define HAVE_STRING_H 1
#define HAVE_MEMORY_H 1
#define HAVE_STRINGS_H 1
#define HAVE_INTTYPES_H 1
#define HAVE_STDINT_H 1
#define HAVE_UNISTD_H 1
#define HAVE_LIBDL 1
#define HAVE_LIBDL 1
#define GETTEXT_PACKAGE "mentohust"
#define ENABLE_NLS 1
#define HAVE_GETTEXT 1
#define HAVE_DCGETTEXT 1
#define HAVE_ICONV_H 1
#define HAVE_ARPA_INET_H 1
#define HAVE_FCNTL_H 1
#define HAVE_NETINET_IN_H 1
#define HAVE_STDINT_H 1
#define HAVE_STDLIB_H 1
#define HAVE_STRING_H 1
#define HAVE_SYS_IOCTL_H 1
#define HAVE_SYS_SOCKET_H 1
#define HAVE_SYS_TIME_H 1
#define HAVE_UNISTD_H 1
#define HAVE_LIBINTL_H 1
#define HAVE_LOCALE_H 1
#define HAVE_ATEXIT 1
#define HAVE_MEMMOVE 1
#define HAVE_MEMSET 1
#define HAVE_SOCKET 1
#define HAVE_STRRCHR 1
#define HAVE_SETLOCALE 1

configure: exit 0

## ---------------------- ##
## Running config.status. ##
## ---------------------- ##

This file was extended by mentohust config.status 0.3.1, which was
generated by GNU Autoconf 2.69.  Invocation command line was

  CONFIG_FILES    = 
  CONFIG_HEADERS  = 
  CONFIG_LINKS    = 
  CONFIG_COMMANDS = 
  $ ./config.status config.h

on odroid

config.status:917: creating config.h
config.status:1098: config.h is unchanged
